<?xml version="1.0" encoding="UTF-8"?>
<!-- Generated by org.testng.reporters.JUnitReportReporter -->
<testsuite hostname="RASH" failures="0" tests="1" name="Selenium4_New.relativeLocators" time="3.009" errors="0" timestamp="2023-09-26T09:21:33 IST" skipped="0">
  <testcase classname="Selenium4_New.relativeLocators" name="checkboxvalidation" time="3.009"/>
  <system-out/>
</testsuite> <!-- Selenium4_New.relativeLocators -->
