<?xml version="1.0" encoding="UTF-8"?>
<!-- Generated by org.testng.reporters.JUnitReportReporter -->
<testsuite hostname="RASH" failures="0" tests="1" name="WebElementStatements.PKG.getTextnGetAttribute" time="2.300" errors="0" timestamp="2023-09-21T17:27:20 IST" skipped="0">
  <testcase classname="WebElementStatements.PKG.getTextnGetAttribute" name="atTest" time="2.300"/>
  <system-out/>
</testsuite> <!-- WebElementStatements.PKG.getTextnGetAttribute -->
