<?xml version="1.0" encoding="UTF-8"?>
<!-- Generated by org.testng.reporters.JUnitReportReporter -->
<testsuite hostname="RASH" failures="0" tests="1" name="Scenarios.linkClickbyLinkText" time="3.105" errors="0" timestamp="2023-09-21T17:27:20 IST" skipped="0">
  <testcase classname="Scenarios.linkClickbyLinkText" name="atTest" time="3.105"/>
  <system-out/>
</testsuite> <!-- Scenarios.linkClickbyLinkText -->
