<?xml version="1.0" encoding="UTF-8"?>
<!-- Generated by org.testng.reporters.JUnitReportReporter -->
<testsuite hostname="RASH" failures="0" tests="1" name="Scenarios.brokenLink" time="35.413" errors="0" timestamp="2023-09-21T17:27:20 IST" skipped="0">
  <testcase classname="Scenarios.brokenLink" name="atBrokenLink" time="35.413"/>
  <system-out/>
</testsuite> <!-- Scenarios.brokenLink -->
