<?xml version="1.0" encoding="UTF-8"?>
<!-- Generated by org.testng.reporters.JUnitReportReporter -->
<testsuite hostname="RASH" failures="0" tests="1" name="Scenarios.webTableTest" time="13.791" errors="0" timestamp="2023-09-28T08:37:00 IST" skipped="0">
  <testcase classname="Scenarios.webTableTest" name="Table" time="13.791"/>
  <system-out/>
</testsuite> <!-- Scenarios.webTableTest -->
