<?xml version="1.0" encoding="UTF-8"?>
<!-- Generated by org.testng.reporters.JUnitReportReporter -->
<testsuite hostname="RASH" failures="0" tests="1" name="Scenarios.getAllLinks" time="4.164" errors="0" timestamp="2023-09-21T17:27:20 IST" skipped="0">
  <testcase classname="Scenarios.getAllLinks" name="atTest" time="4.164"/>
  <system-out/>
</testsuite> <!-- Scenarios.getAllLinks -->
