<?xml version="1.0" encoding="UTF-8"?>
<!-- Generated by org.testng.reporters.JUnitReportReporter -->
<testsuite hostname="RASH" failures="0" tests="1" name="Scenarios.TableHandle" time="5.894" errors="0" timestamp="2023-09-26T12:30:03 IST" skipped="0">
  <testcase classname="Scenarios.TableHandle" name="Table" time="5.894"/>
  <system-out/>
</testsuite> <!-- Scenarios.TableHandle -->
