<?xml version="1.0" encoding="UTF-8"?>
<!-- Generated by org.testng.reporters.JUnitReportReporter -->
<testsuite hostname="RASH" failures="0" tests="1" name="CompName.RacJS.JavaScriptFrmaework.five_dynamicScpt_getURLtTile" time="8.285" errors="0" timestamp="2023-09-21T17:27:20 IST" skipped="0">
  <testcase classname="CompName.RacJS.JavaScriptFrmaework.five_dynamicScpt_getURLtTile" name="atTest" time="8.285"/>
  <system-out/>
</testsuite> <!-- CompName.RacJS.JavaScriptFrmaework.five_dynamicScpt_getURLtTile -->
