<?xml version="1.0" encoding="UTF-8"?>
<!-- Generated by org.testng.reporters.JUnitReportReporter -->
<testsuite hostname="RASH" failures="0" tests="1" name="CompName.RacJS.JavaScriptFrmaework.three_dompropertyColor3" time="4.631" errors="0" timestamp="2023-09-21T17:27:20 IST" skipped="0">
  <testcase classname="CompName.RacJS.JavaScriptFrmaework.three_dompropertyColor3" name="atColorChange" time="4.631"/>
  <system-out/>
</testsuite> <!-- CompName.RacJS.JavaScriptFrmaework.three_dompropertyColor3 -->
