<?xml version="1.0" encoding="UTF-8"?>
<!-- Generated by org.testng.reporters.JUnitReportReporter -->
<testsuite hostname="RASH" failures="0" tests="2" name="WebElementStatements.PKG.assertionsHard" time="5.573" errors="0" timestamp="2023-09-21T17:27:20 IST" skipped="0">
  <testcase classname="WebElementStatements.PKG.assertionsHard" name="atAssertionSoft" time="2.559"/>
  <system-out/>
  <testcase classname="WebElementStatements.PKG.assertionsHard" name="atAssertion" time="3.014"/>
  <system-out/>
</testsuite> <!-- WebElementStatements.PKG.assertionsHard -->
