<?xml version="1.0" encoding="UTF-8"?>
<!-- Generated by org.testng.reporters.JUnitReportReporter -->
<testsuite hostname="RASH" failures="0" tests="1" name="Selenium4_New.multipleWindowHandleTest" time="23.695" errors="0" timestamp="2023-09-26T08:04:33 IST" skipped="0">
  <testcase classname="Selenium4_New.multipleWindowHandleTest" name="checkboxvalidation" time="23.695"/>
  <system-out/>
</testsuite> <!-- Selenium4_New.multipleWindowHandleTest -->
