<?xml version="1.0" encoding="UTF-8"?>
<!-- Generated by org.testng.reporters.JUnitReportReporter -->
<testsuite hostname="RASH" failures="0" tests="1" name="CompName.RacJS.JavaScriptFrmaework.six_DynScpt_InnerTextofPage" time="4.286" errors="0" timestamp="2023-09-21T17:27:20 IST" skipped="0">
  <testcase classname="CompName.RacJS.JavaScriptFrmaework.six_DynScpt_InnerTextofPage" name="atDisplayInnerTextoFPage" time="4.286"/>
  <system-out/>
</testsuite> <!-- CompName.RacJS.JavaScriptFrmaework.six_DynScpt_InnerTextofPage -->
