<?xml version="1.0" encoding="UTF-8"?>
<!-- Generated by org.testng.reporters.JUnitReportReporter -->
<testsuite hostname="RASH" failures="0" tests="1" name="CompName.RacJS.JavaScriptFrmaework.windowScrollBy" time="4.148" errors="0" timestamp="2023-09-21T17:27:20 IST" skipped="0">
  <testcase classname="CompName.RacJS.JavaScriptFrmaework.windowScrollBy" name="atScrollBy" time="4.148"/>
  <system-out/>
</testsuite> <!-- CompName.RacJS.JavaScriptFrmaework.windowScrollBy -->
